<?xml version="1.0" encoding="UTF-8"?>
<!-- Generated by org.testng.reporters.JUnitReportReporter -->
<testsuite hostname="RahulMandal" failures="0" tests="6" name="com.ecommerce.test.FBRegistration" time="10.893" errors="0" timestamp="2023-07-20T14:27:04 IST" skipped="0">
  <testcase classname="com.ecommerce.test.FBRegistration" name="f2" time="0.001"/>
  <testcase classname="com.ecommerce.test.FBRegistration" name="fbAccount" time="1.914"/>
  <testcase classname="com.ecommerce.test.FBRegistration" name="f1" time="0.010"/>
  <testcase classname="com.ecommerce.test.FBRegistration" name="googleAccount" time="2.421"/>
  <testcase classname="com.ecommerce.test.FBRegistration" name="searchGoogle" time="2.988"/>
  <testcase classname="com.ecommerce.test.FBRegistration" name="testLocalPage" time="3.559"/>
</testsuite> <!-- com.ecommerce.test.FBRegistration -->
