<?xml version="1.0" encoding="UTF-8"?>
<!-- Generated by org.testng.reporters.JUnitReportReporter -->
<testsuite hostname="RahulMandal" failures="0" tests="7" name="com.ecommerce.test.FBRegistration" time="11.412" errors="0" timestamp="2023-07-20T14:58:41 IST" skipped="1">
  <testcase classname="com.ecommerce.test.FBRegistration" name="fbAccount" time="2.002"/>
  <testcase classname="com.ecommerce.test.FBRegistration" name="testLocalPage" time="3.095"/>
  <testcase classname="com.ecommerce.test.FBRegistration" name="googleAccount" time="2.503"/>
  <testcase classname="com.ecommerce.test.FBRegistration" name="googleAccount" time="1.316"/>
  <testcase classname="com.ecommerce.test.FBRegistration" name="searchGoogle" time="2.489"/>
  <testcase classname="com.ecommerce.test.FBRegistration" name="f1" time="0.007"/>
  <testcase classname="com.ecommerce.test.FBRegistration" name="f2">
    <skipped/>
  </testcase> <!-- f2 -->
</testsuite> <!-- com.ecommerce.test.FBRegistration -->
