<?xml version="1.0" encoding="UTF-8"?>
<!-- Generated by org.testng.reporters.JUnitReportReporter -->
<testsuite hostname="RahulMandal" failures="0" tests="6" name="com.ecommerce.test.FBRegistration" time="11.394" errors="0" timestamp="2023-07-20T14:43:48 IST" skipped="0">
  <testcase classname="com.ecommerce.test.FBRegistration" name="f1" time="0.003"/>
  <testcase classname="com.ecommerce.test.FBRegistration" name="fbAccount" time="1.988"/>
  <testcase classname="com.ecommerce.test.FBRegistration" name="searchGoogle" time="2.859"/>
  <testcase classname="com.ecommerce.test.FBRegistration" name="testLocalPage" time="3.817"/>
  <testcase classname="com.ecommerce.test.FBRegistration" name="f2" time="0.015"/>
  <testcase classname="com.ecommerce.test.FBRegistration" name="googleAccount" time="2.712"/>
</testsuite> <!-- com.ecommerce.test.FBRegistration -->
