<?xml version="1.0" encoding="UTF-8"?>
<!-- Generated by org.testng.reporters.JUnitReportReporter -->
<testsuite hostname="RahulMandal" failures="0" tests="7" name="com.ecommerce.test.FBRegistration" time="10.551" errors="0" timestamp="2023-07-20T15:39:14 IST" skipped="1">
  <testcase classname="com.ecommerce.test.FBRegistration" name="searchGoogleAndTestTitleText" time="2.221"/>
  <testcase classname="com.ecommerce.test.FBRegistration" name="testLocalPage" time="3.381"/>
  <testcase classname="com.ecommerce.test.FBRegistration" name="fbAccount" time="1.799"/>
  <testcase classname="com.ecommerce.test.FBRegistration" name="googleAccount" time="1.022"/>
  <testcase classname="com.ecommerce.test.FBRegistration" name="f1" time="0.001"/>
  <testcase classname="com.ecommerce.test.FBRegistration" name="googleAccount" time="2.127"/>
  <testcase classname="com.ecommerce.test.FBRegistration" name="f2">
    <skipped/>
  </testcase> <!-- f2 -->
</testsuite> <!-- com.ecommerce.test.FBRegistration -->
